UN: Adriaenssens, Henk - TEXPAC\hadriaenssens
UN: Ahn, Soyoun - i:0#.w|texpac\soyoun.ahn
UN: Ai, Tian - i:0#.w|texpac\tai
UN: Atiqullah, Nafis - TEXPAC\natiqullah
UN: Bamford, Stephen - i:0#.w|texpac\sbamford
UN: Bannon, Michael - i:0#.w|texpac\mbannon
UN: Beggs, Roger - i:0#.w|texpac\rbeggs
UN: Belpedio, David - i:0#.w|texpac\dbelpedio
UN: Berry, Jeremy - TEXPAC\jberry
UN: Boyd, Philip - TEXPAC\pboyd
UN: Brooks, Katherine - TEXPAC\kbrooks
UN: Burns, Kevin - i:0#.w|texpac\kburns
UN: Butler, Kate - i:0#.w|texpac\kbutler
UN: Cano, Monica - TEXPAC\mglover
UN: Cathcart, Philip - i:0#.w|texpac\pcathcart
UN: Chacko, Jacob - i:0#.w|texpac\jchacko
UN: Cheung, Samantha - i:0#.w|texpac\scheung
UN: Cole, Kelli - TEXPAC\kcole
UN: Coleman, Matthew - i:0#.w|texpac\mcoleman
UN: Coots, Kyle - TEXPAC\kcoots
UN: Curry, Ian - i:0#.w|texpac\icurry
UN: Darbouze, Ronald - i:0#.w|texpac\rdarbouze
UN: Davis, Kelvin - i:0#.w|texpac\davis
UN: Deitch, Billy - TEXPAC\bdeitch
UN: Diaz, Kim D. - i:0#.w|texpac\kdiaz
UN: Du, Angela - TEXPAC\aydu
UN: Elliott, Paul - i:0#.w|texpac\pelliott
UN: Ellis, Laura - i:0#.w|texpac\lwilliams
UN: Evans, Kelly - i:0#.w|texpac\kevans
UN: Faison, Calvin - TEXPAC\cfaison
UN: Ferguson, Sadie - TEXPAC\skferguson
UN: Fisher, Scott - i:0#.w|texpac\sfisher
UN: Fok, Noelle - i:0#.w|texpac\nfok
UN: Frantz, Gene - i:0#.w|texpac\gfrantz
UN: Gallagher, Michael - i:0#.w|texpac\mgallagher
UN: Gamble, Melissa - i:0#.w|texpac\mgamble
UN: Garrison, Christie - TEXPAC\cgarrison
UN: Gilbertson, Scott - i:0#.w|texpac\sgilbertson
UN: Gleser, Alex - i:0#.w|texpac\agleser
UN: Glover, Erik - i:0#.w|texpac\eglover
UN: Gonzalez, Laura - i:0#.w|texpac\lgonzalez
UN: Gordish, Dan - i:0#.w|texpac\dgordish
UN: Gupta, Vishal - i:0#.w|texpac\vgupta
UN: Hackwell, Paul - i:0#.w|texpac\phackwell
UN: Haines, Marshall - i:0#.w|texpac\mhaines
UN: Harte, Annelies - i:0#.w|texpac\aharte
UN: Hefets, Adena - i:0#.w|texpac\ahefets
UN: Heidrich, Art - i:0#.w|texpac\aheidrich
UN: Homza, Phillip - TEXPAC\phomza
UN: Horstman, Ryan - i:0#.w|texpac\rhorstman
UN: Houston, Willie - i:0#.w|texpac\whouston
UN: Howard, Griffin - i:0#.w|texpac\ghoward
UN: ibnAle, David - TEXPAC\dibnale
UN: Islaya, Veronica - i:0#.w|texpac\vislaya
UN: Kamran, Jonathan - TEXPAC\jkamran
UN: Kilpper, Brady - i:0#.w|texpac\bkilpper
UN: Kim, Suzanne - TEXPAC\skim
UN: King, Amanda - i:0#.w|texpac\aking
UN: Kranias, Greg - i:0#.w|texpac\gkranias
UN: Ladd, Chris - TEXPAC\cladd
UN: Lam, Marcus - i:0#.w|texpac\mlam
UN: Landesberg, Stuart - TEXPAC\slandesberg
UN: Ledbetter, Shari - i:0#.w|texpac\sledbetter
UN: Lee, John - TEXPAC\jhlee
UN: Liaw, Eric - i:0#.w|texpac\eliaw
UN: Liaw, Jeff - TEXPAC\jliaw
UN: Lieberthal, Geoff - TEXPAC\glieberthal
UN: Lockwood, Alfred - i:0#.w|texpac\alockwood
UN: Lowry, Kevin - i:0#.w|texpac\klowry
UN: Lyon, David - i:0#.w|texpac\dlyon
UN: MacDougall, Michael - i:0#.w|texpac\mmacdougall
UN: Marren, John - i:0#.w|texpac\marren
UN: Marshall, Tristi - i:0#.w|texpac\tmarshall
UN: Martindale, Kristin - i:0#.w|texpac\kmartindale
UN: McConnell, KJ - TEXPAC\kjmcconnell
UN: McConnon, Tom - TEXPAC\tmcconnon
UN: McGoohan, Peter - i:0#.w|texpac\pmcgoohan
UN: Merson, Ahsha - i:0#.w|texpac\amerson
UN: Millikin, Tim - i:0#.w|texpac\tmillikin
UN: Moon, Philip - TEXPAC\pmoon
UN: Munoz, Jenny - i:0#.w|texpac\jmunoz
UN: Narain, Vish - i:0#.w|texpac\vnarain
UN: Newell, Ty - i:0#.w|texpac\tnewell
UN: Nguyen, Thinh - i:0#.w|texpac\tnguyen
UN: Nguy, Evelyn - i:0#.w|texpac\enguy
UN: O'Brien, Debbe - i:0#.w|texpac\obrien
UN: Parvathaneni, Deepti - i:0#.w|texpac\dparvathaneni
UN: Peng, Edward - TEXPAC\epeng
UN: Perkins, Adelle - i:0#.w|texpac\aperkins
UN: Peterson, Karl - i:0#.w|texpac\kpeterson
UN: Peterson, Rusty - TEXPAC\rpeterson
UN: Preston, Heather - i:0#.w|texpac\hpreston
UN: Raj, Nehal - i:0#.w|texpac\nraj
UN: Rhodes, Jeff - i:0#.w|texpac\jrhodes
UN: Roberts, Sean - TEXPAC\sroberts
UN: Schifter, Rick - i:0#.w|texpac\rschifter
UN: Schilling, John - i:0#.w|texpac\jschilling
UN: Shah, Vishal - i:0#.w|texpac\vshah
UN: Shapiro, Sam - i:0#.w|texpac\sshapiro
UN: Sisitsky, Todd - i:0#.w|texpac\tsisitsky
UN: Stone, Mike - i:0#.w|texpac\mstone
UN: Taylor, Bryan - i:0#.w|texpac\btaylor
UN: Teves, Yolanda - TEXPAC\yteves
UN: TEXPAC\tpgnet_irc_all - c:0+.w|s-1-5-21-1854812766-1369901609-5522801-26972
UN: TEXPAC\tpgnet_support - c:0+.w|s-1-5-21-1854812766-1369901609-5522801-42779
UN: Thompson, Jay - i:0#.w|texpac\jwthompson
UN: Tirbeni, Andrew - i:0#.w|texpac\atirbeni
UN: tpgnet_compliance - i:0#.w|texpac\tpgnet_compliance
UN: Trehan, Gaurav - i:0#.w|texpac\gtrehan
UN: Trujillo, David - i:0#.w|texpac\dtrujillo
UN: Turner, Jacob - i:0#.w|texpac\jacob.turner
UN: Turner, Jeff - i:0#.w|texpac\jturner
UN: van Esch, Ivor - i:0#.w|texpac\ivanesch
UN: Vitorovic, Stefan - TEXPAC\svitorovic
UN: Wanek, Daniel - i:0#.w|texpac\dwanek
UN: Wang, Benson - i:0#.w|texpac\bwang
UN: Wang, Jeff - TEXPAC\jwang
UN: Wang, Wei - i:0#.w|texpac\wwang
UN: Ward, Lacey - i:0#.w|texpac\lward
UN: Wedler, Jesse - TEXPAC\jwedler
UN: Weingart, Michael - i:0#.w|texpac\mweingart
UN: Wheeler, Carrie - i:0#.w|texpac\cwheeler
UN: White, Steven - i:0#.w|texpac\swhite
UN: Wilson, Jeff - i:0#.w|texpac\jwilson
UN: Winarto, Beverly - i:0#.w|texpac\bwinarto
UN: Yang, Alex - i:0#.w|texpac\ayang
UN: Yeh, Eric - i:0#.w|texpac\eyeh
UN: Yeung, Ray - TEXPAC\ryeung
UN: Yip, Christopher - i:0#.w|texpac\cyip
UN: Yue, Christine - i:0#.w|texpac\cyue
UN: Zane, Lindsay - TEXPAC\lzane
UN: Zang, Lucy - i:0#.w|texpac\lzang
UN: Zanutto, Derek - i:0#.w|texpac\dzanutto
UN: Zhu, Chloe - i:0#.w|texpac\czhu
UN: Adriaenssens, Henk - TEXPAC\hadriaenssens
UN: Boyd, Philip - TEXPAC\pboyd
UN: Cano, Monica - TEXPAC\mglover
UN: Chan, Stanley - i:0#.w|texpac\schan
UN: Choi, Wise - i:0#.w|texpac\wchoi
UN: Compliance - FW - i:0#.w|texpac\compliance
UN: Coots, Kyle - TEXPAC\kcoots
UN: Darbouze, Ronald - i:0#.w|texpac\rdarbouze
UN: Ellis, Laura - i:0#.w|texpac\lwilliams
UN: Ferguson, Sadie - TEXPAC\skferguson
UN: Fisher, Scott - i:0#.w|texpac\sfisher
UN: Fok, Noelle - i:0#.w|texpac\nfok
UN: Gamble, Melissa - i:0#.w|texpac\mgamble
UN: Gordish, Dan - i:0#.w|texpac\dgordish
UN: Harte, Annelies - i:0#.w|texpac\aharte
UN: Horstman, Ryan - i:0#.w|texpac\rhorstman
UN: Houston, Willie - i:0#.w|texpac\whouston
UN: Islaya, Veronica - i:0#.w|texpac\vislaya
UN: Johnson, Varatip - i:0#.w|texpac\vjohnson
UN: Kelly, Tricia - i:0#.w|texpac\tkelly
UN: Kilpper, Brady - i:0#.w|texpac\bkilpper
UN: Lam, Marcus - i:0#.w|texpac\mlam
UN: Lockwood, Alfred - i:0#.w|texpac\alockwood
UN: Lyon, David - i:0#.w|texpac\dlyon
UN: Marshall, Tristi - i:0#.w|texpac\tmarshall
UN: Martindale, Kristin - i:0#.w|texpac\kmartindale
UN: McQuillar, Laura - i:0#.w|texpac\lmcquillar
UN: Nguyen, Thinh - i:0#.w|texpac\tnguyen
UN: Parvathaneni, Deepti - i:0#.w|texpac\dparvathaneni
UN: Pering, Lisa - i:0#.w|texpac\lpering
UN: Peterson, Rusty - TEXPAC\rpeterson
UN: Pollinger, Joshua - i:0#.w|texpac\jpollinger
UN: Pope, Gretchen - TEXPAC\glindquist
UN: Sp_test_Connect - i:0#.w|texpac\sp_test_connect
UN: Stone, Mike - i:0#.w|texpac\mstone
UN: Tam, Hailey - i:0#.w|texpac\htam
UN: TEXPAC\tpgnet_irc_all - c:0+.w|s-1-5-21-1854812766-1369901609-5522801-26972
UN: TEXPAC\tpgnet_non_ticp_users - c:0+.w|s-1-5-21-1854812766-1369901609-5522801-51502
UN: TEXPAC\tpgnet_support - c:0+.w|s-1-5-21-1854812766-1369901609-5522801-42779
UN: tpgnet_compliance - i:0#.w|texpac\tpgnet_compliance
UN: Tsang, Don - i:0#.w|texpac\dtsang
UN: Tsao, Thomas - i:0#.w|texpac\ttsao
UN: Wang, Wei - i:0#.w|texpac\wwang
UN: Zane, Lindsay - TEXPAC\lzane
